<?xml version="1.0" encoding="UTF-8"?>
<testsuite name="com.sj.todo.domain.todoTest" tests="1" skipped="0" failures="0" errors="0" timestamp="2022-07-08T12:29:07" hostname="DESKTOP-K1GMB6R" time="0.019">
  <properties/>
  <testcase name="createTodoTest()" classname="com.sj.todo.domain.todoTest" time="0.019"/>
  <system-out><![CDATA[]]></system-out>
  <system-err><![CDATA[]]></system-err>
</testsuite>
